d:\work_data\study\bootfromusb\rufus-master\x86_64\debug\libcdio-driver\libcdio-driver.pdb
d:\work_data\study\bootfromusb\rufus-master\x86_64\debug\libcdio-driver\libcdio-driver.idb
d:\work_data\study\bootfromusb\rufus-master\x86_64\debug\libcdio-driver\disc.obj
d:\work_data\study\bootfromusb\rufus-master\x86_64\debug\libcdio-driver\ds.obj
d:\work_data\study\bootfromusb\rufus-master\x86_64\debug\libcdio-driver\logging.obj
d:\work_data\study\bootfromusb\rufus-master\x86_64\debug\libcdio-driver\memory.obj
d:\work_data\study\bootfromusb\rufus-master\x86_64\debug\libcdio-driver\read.obj
d:\work_data\study\bootfromusb\rufus-master\x86_64\debug\libcdio-driver\sector.obj
d:\work_data\study\bootfromusb\rufus-master\x86_64\debug\libcdio-driver\track.obj
d:\work_data\study\bootfromusb\rufus-master\x86_64\debug\libcdio-driver\utf8.obj
d:\work_data\study\bootfromusb\rufus-master\x86_64\debug\libcdio-driver\util.obj
d:\work_data\study\bootfromusb\rufus-master\x86_64\debug\libcdio-driver\_cdio_stdio.obj
d:\work_data\study\bootfromusb\rufus-master\x86_64\debug\libcdio-driver\_cdio_stream.obj
d:\work_data\study\bootfromusb\rufus-master\x86_64\debug\libcdio-driver.lib
d:\work_data\study\bootfromusb\rufus-master\x86_64\debug\libcdio-driver.pdb
d:\work_data\study\bootfromusb\rufus-master\x86_64\debug\libcdio-driver\libcdio-driver.tlog\cl.command.1.tlog
d:\work_data\study\bootfromusb\rufus-master\x86_64\debug\libcdio-driver\libcdio-driver.tlog\cl.read.1.tlog
d:\work_data\study\bootfromusb\rufus-master\x86_64\debug\libcdio-driver\libcdio-driver.tlog\cl.write.1.tlog
d:\work_data\study\bootfromusb\rufus-master\x86_64\debug\libcdio-driver\libcdio-driver.tlog\lib-link.read.1.tlog
d:\work_data\study\bootfromusb\rufus-master\x86_64\debug\libcdio-driver\libcdio-driver.tlog\lib-link.write.1.tlog
d:\work_data\study\bootfromusb\rufus-master\x86_64\debug\libcdio-driver\libcdio-driver.tlog\lib.command.1.tlog
