d:\work_data\study\bootfromusb\rufus-master\x86_32\debug\bled\bled.pdb
d:\work_data\study\bootfromusb\rufus-master\x86_32\debug\bled\bled.idb
d:\work_data\study\bootfromusb\rufus-master\x86_32\debug\bled\decompress_bunzip2.obj
d:\work_data\study\bootfromusb\rufus-master\x86_32\debug\bled\decompress_gunzip.obj
d:\work_data\study\bootfromusb\rufus-master\x86_32\debug\bled\decompress_uncompress.obj
d:\work_data\study\bootfromusb\rufus-master\x86_32\debug\bled\decompress_unlzma.obj
d:\work_data\study\bootfromusb\rufus-master\x86_32\debug\bled\decompress_unxz.obj
d:\work_data\study\bootfromusb\rufus-master\x86_32\debug\bled\decompress_unzip.obj
d:\work_data\study\bootfromusb\rufus-master\x86_32\debug\bled\filter_accept_all.obj
d:\work_data\study\bootfromusb\rufus-master\x86_32\debug\bled\filter_accept_list.obj
d:\work_data\study\bootfromusb\rufus-master\x86_32\debug\bled\filter_accept_reject_list.obj
d:\work_data\study\bootfromusb\rufus-master\x86_32\debug\bled\find_list_entry.obj
d:\work_data\study\bootfromusb\rufus-master\x86_32\debug\bled\header_list.obj
d:\work_data\study\bootfromusb\rufus-master\x86_32\debug\bled\header_skip.obj
d:\work_data\study\bootfromusb\rufus-master\x86_32\debug\bled\header_verbose_list.obj
d:\work_data\study\bootfromusb\rufus-master\x86_32\debug\bled\init_handle.obj
d:\work_data\study\bootfromusb\rufus-master\x86_32\debug\bled\open_transformer.obj
d:\work_data\study\bootfromusb\rufus-master\x86_32\debug\bled\seek_by_jump.obj
d:\work_data\study\bootfromusb\rufus-master\x86_32\debug\bled\seek_by_read.obj
d:\work_data\study\bootfromusb\rufus-master\x86_32\debug\bled\xz_dec_bcj.obj
d:\work_data\study\bootfromusb\rufus-master\x86_32\debug\bled\xz_dec_lzma2.obj
d:\work_data\study\bootfromusb\rufus-master\x86_32\debug\bled\xz_dec_stream.obj
d:\work_data\study\bootfromusb\rufus-master\x86_32\debug\bled\bled.obj
d:\work_data\study\bootfromusb\rufus-master\x86_32\debug\bled\crc32.obj
d:\work_data\study\bootfromusb\rufus-master\x86_32\debug\bled\data_align.obj
d:\work_data\study\bootfromusb\rufus-master\x86_32\debug\bled\data_extract_all.obj
d:\work_data\study\bootfromusb\rufus-master\x86_32\debug\bled\data_skip.obj
d:\work_data\study\bootfromusb\rufus-master\x86_32\debug\bled.lib
d:\work_data\study\bootfromusb\rufus-master\x86_32\debug\bled.pdb
d:\work_data\study\bootfromusb\rufus-master\x86_32\debug\bled\bled.tlog\cl.command.1.tlog
d:\work_data\study\bootfromusb\rufus-master\x86_32\debug\bled\bled.tlog\cl.read.1.tlog
d:\work_data\study\bootfromusb\rufus-master\x86_32\debug\bled\bled.tlog\cl.write.1.tlog
d:\work_data\study\bootfromusb\rufus-master\x86_32\debug\bled\bled.tlog\lib-link.read.1.tlog
d:\work_data\study\bootfromusb\rufus-master\x86_32\debug\bled\bled.tlog\lib-link.write.1.tlog
d:\work_data\study\bootfromusb\rufus-master\x86_32\debug\bled\bled.tlog\lib.command.1.tlog
