d:\work_data\study\bootfromusb\rufus-master\x86_64\debug\rufus\dos_locale.obj
d:\work_data\study\bootfromusb\rufus-master\x86_64\debug\rufus\dos.obj
d:\work_data\study\bootfromusb\rufus-master\x86_64\debug\rufus\net.obj
d:\work_data\study\bootfromusb\rufus-master\x86_64\debug\rufus\rufus.obj
d:\work_data\study\bootfromusb\rufus-master\x86_64\debug\rufus\stdio.obj
d:\work_data\study\bootfromusb\rufus-master\x86_64\debug\rufus\vhd.obj
d:\work_data\study\bootfromusb\rufus-master\x86_64\debug\rufus\drive.obj
d:\work_data\study\bootfromusb\rufus-master\x86_64\debug\rufus\iso.obj
d:\work_data\study\bootfromusb\rufus-master\x86_64\debug\rufus\process.obj
d:\work_data\study\bootfromusb\rufus-master\x86_64\debug\rufus\stdfn.obj
d:\work_data\study\bootfromusb\rufus-master\x86_64\debug\rufus\dev.obj
d:\work_data\study\bootfromusb\rufus-master\x86_64\debug\rufus\format.obj
d:\work_data\study\bootfromusb\rufus-master\x86_64\debug\rufus\localization.obj
d:\work_data\study\bootfromusb\rufus-master\x86_64\debug\rufus\pki.obj
d:\work_data\study\bootfromusb\rufus-master\x86_64\debug\rufus\smart.obj
d:\work_data\study\bootfromusb\rufus-master\x86_64\debug\rufus\syslinux.obj
d:\work_data\study\bootfromusb\rufus-master\x86_64\debug\rufus\badblocks.obj
d:\work_data\study\bootfromusb\rufus-master\x86_64\debug\rufus\icon.obj
d:\work_data\study\bootfromusb\rufus-master\x86_64\debug\rufus\parser.obj
d:\work_data\study\bootfromusb\rufus-master\x86_64\debug\rufus\checksum.obj
d:\work_data\study\bootfromusb\rufus-master\x86_64\debug\rufus\stdlg.obj
d:\work_data\study\bootfromusb\rufus-master\x86_64\debug\rufus\vc140.pdb
d:\work_data\study\bootfromusb\rufus-master\x86_64\debug\rufus.exe
d:\work_data\study\bootfromusb\rufus-master\x86_64\debug\rufus.pdb
d:\work_data\study\bootfromusb\rufus-master\x86_64\debug\rufus\rufus.res
d:\work_data\study\bootfromusb\rufus-master\x86_64\debug\rufus\rufus.vcxprojresolveassemblyreference.cache
d:\work_data\study\bootfromusb\rufus-master\x86_64\debug\rufus\rufus.tlog\cl.command.1.tlog
d:\work_data\study\bootfromusb\rufus-master\x86_64\debug\rufus\rufus.tlog\cl.read.1.tlog
d:\work_data\study\bootfromusb\rufus-master\x86_64\debug\rufus\rufus.tlog\cl.write.1.tlog
d:\work_data\study\bootfromusb\rufus-master\x86_64\debug\rufus\rufus.tlog\link.command.1.tlog
d:\work_data\study\bootfromusb\rufus-master\x86_64\debug\rufus\rufus.tlog\link.read.1.tlog
d:\work_data\study\bootfromusb\rufus-master\x86_64\debug\rufus\rufus.tlog\link.write.1.tlog
d:\work_data\study\bootfromusb\rufus-master\x86_64\debug\rufus\rufus.tlog\rc.command.1.tlog
d:\work_data\study\bootfromusb\rufus-master\x86_64\debug\rufus\rufus.tlog\rc.read.1.tlog
d:\work_data\study\bootfromusb\rufus-master\x86_64\debug\rufus\rufus.tlog\rc.write.1.tlog
